(You can skip this, or any future question by using the --noPrompt flag)
----------------------------------Using stored unhandled routes!.   To discover new routes in the angular app use "npm run scully -- --scanRoutes"----------------------------------



----------------------------------Using stored unhandled routes!.   To discover new routes in the angular app use "npm run scully -- --scanRoutes"----------------------------------



Using deprecated plugin type:"render"  use "postProcessByHtml" instead
----------------------------------   To discover new routes in the angular app use "npm run scully -- --scanRoutes"Using stored unhandled routes!.----------------------------------



Using deprecated plugin type:"render"  use "postProcessByHtml" instead
----------------------------------Using stored unhandled routes!.----------------------------------   To discover new routes in the angular app use "npm run scully -- --scanRoutes"



Using deprecated plugin type:"render"  use "postProcessByHtml" instead
Using deprecated plugin type:"render"  use "postProcessByHtml" instead
----------------------------------Using stored unhandled routes!.----------------------------------   To discover new routes in the angular app use "npm run scully -- --scanRoutes"



Using deprecated plugin type:"render"  use "postProcessByHtml" instead
----------------------------------Using stored unhandled routes!.   To discover new routes in the angular app use "npm run scully -- --scanRoutes"----------------------------------



Using deprecated plugin type:"render"  use "postProcessByHtml" instead
----------------------------------   To discover new routes in the angular app use "npm run scully -- --scanRoutes"----------------------------------Using stored unhandled routes!.



Using deprecated plugin type:"render"  use "postProcessByHtml" instead
----------------------------------Using stored unhandled routes!.   To discover new routes in the angular app use "npm run scully -- --scanRoutes"----------------------------------



Using deprecated plugin type:"render"  use "postProcessByHtml" instead
----------------------------------   To discover new routes in the angular app use "npm run scully -- --scanRoutes"----------------------------------Using stored unhandled routes!.



Using deprecated plugin type:"render"  use "postProcessByHtml" instead
----------------------------------Using stored unhandled routes!.----------------------------------   To discover new routes in the angular app use "npm run scully -- --scanRoutes"



Using deprecated plugin type:"render"  use "postProcessByHtml" instead
----------------------------------   To discover new routes in the angular app use "npm run scully -- --scanRoutes"Using stored unhandled routes!.----------------------------------



Using deprecated plugin type:"render"  use "postProcessByHtml" instead
----------------------------------   To discover new routes in the angular app use "npm run scully -- --scanRoutes"----------------------------------Using stored unhandled routes!.



Using deprecated plugin type:"render"  use "postProcessByHtml" instead
----------------------------------   To discover new routes in the angular app use "npm run scully -- --scanRoutes"Using stored unhandled routes!.----------------------------------



Using deprecated plugin type:"render"  use "postProcessByHtml" instead
----------------------------------   To discover new routes in the angular app use "npm run scully -- --scanRoutes"Using stored unhandled routes!.----------------------------------



handleUnknownRoute: "/projects/", 404:""
Using deprecated plugin type:"render"  use "postProcessByHtml" instead
----------------------------------   To discover new routes in the angular app use "npm run scully -- --scanRoutes"Using stored unhandled routes!.----------------------------------



Using deprecated plugin type:"render"  use "postProcessByHtml" instead
----------------------------------   To discover new routes in the angular app use "npm run scully -- --scanRoutes"----------------------------------Using stored unhandled routes!.



Using deprecated plugin type:"render"  use "postProcessByHtml" instead
----------------------------------Using stored unhandled routes!.----------------------------------   To discover new routes in the angular app use "npm run scully -- --scanRoutes"



Using deprecated plugin type:"render"  use "postProcessByHtml" instead
----------------------------------Using stored unhandled routes!.   To discover new routes in the angular app use "npm run scully -- --scanRoutes"----------------------------------



Using deprecated plugin type:"render"  use "postProcessByHtml" instead
Using deprecated plugin type:"render"  use "postProcessByHtml" instead
----------------------------------   To discover new routes in the angular app use "npm run scully -- --scanRoutes"Using stored unhandled routes!.----------------------------------



Using deprecated plugin type:"render"  use "postProcessByHtml" instead
----------------------------------   To discover new routes in the angular app use "npm run scully -- --scanRoutes"----------------------------------Using stored unhandled routes!.



Using deprecated plugin type:"render"  use "postProcessByHtml" instead
----------------------------------   To discover new routes in the angular app use "npm run scully -- --scanRoutes"Using stored unhandled routes!.----------------------------------



Using deprecated plugin type:"render"  use "postProcessByHtml" instead
----------------------------------   To discover new routes in the angular app use "npm run scully -- --scanRoutes"----------------------------------Using stored unhandled routes!.



Using deprecated plugin type:"render"  use "postProcessByHtml" instead
----------------------------------Using stored unhandled routes!.   To discover new routes in the angular app use "npm run scully -- --scanRoutes"----------------------------------



Using deprecated plugin type:"render"  use "postProcessByHtml" instead
----------------------------------Using stored unhandled routes!.   To discover new routes in the angular app use "npm run scully -- --scanRoutes"----------------------------------



Using deprecated plugin type:"render"  use "postProcessByHtml" instead
----------------------------------   To discover new routes in the angular app use "npm run scully -- --scanRoutes"----------------------------------Using stored unhandled routes!.



Using deprecated plugin type:"render"  use "postProcessByHtml" instead
----------------------------------Using stored unhandled routes!.   To discover new routes in the angular app use "npm run scully -- --scanRoutes"----------------------------------



